<?xml version="1.0" encoding="UTF-8"?>
<!-- Generated by org.testng.reporters.JUnitXMLReporter -->
<testsuite ignored="0" hostname="DESKTOP-SIMJPDD" failures="2" tests="9" name="Test" time="49.669" errors="0" timestamp="2021-10-28T14:04:46 IST">
  <testcase classname="testCases.url1TestCases" name="staticDropDownCase0" time="19.537"/>
  <testcase classname="testCases.url1TestCases" name="staticDropDownCase1" time="3.104"/>
  <testcase classname="testCases.url1TestCases" name="staticDropDownCase2" time="2.017"/>
  <testcase classname="testCases.url1TestCases" name="staticDropDownCase3" time="7.126"/>
  <testcase classname="testCases.url1TestCases" name="staticDropDownCase4" time="5.603"/>
  <testcase classname="testCases.url1TestCases" name="staticDropDownCase5" time="0.872">
    <failure type="junit.framework.ComparisonFailure" message="expected:&amp;lt;&amp;gt; but was:&amp;lt;Seachhhhasd&amp;gt;">
      <![CDATA[junit.framework.ComparisonFailure: expected:<> but was:<Seachhhhasd>
at junit.framework.Assert.assertEquals(Assert.java:81)
at junit.framework.Assert.assertEquals(Assert.java:87)
at testCases.url1TestCases.staticDropDownCase5(url1TestCases.java:134)
at java.base/java.util.ArrayList.forEach(ArrayList.java:1511)
at java.base/java.util.concurrent.FutureTask.run(FutureTask.java:264)
at java.base/java.util.concurrent.ThreadPoolExecutor.runWorker(ThreadPoolExecutor.java:1130)
at java.base/java.util.concurrent.ThreadPoolExecutor$Worker.run(ThreadPoolExecutor.java:630)
at java.base/java.lang.Thread.run(Thread.java:831)
... Removed 18 stack frames]]>
    </failure>
  </testcase> <!-- staticDropDownCase5 -->
  <testcase classname="testCases.url1TestCases" name="staticDropDownCase6" time="0.964"/>
  <testcase classname="testCases.url1TestCases" name="staticDropDownCase7" time="2.961"/>
  <testcase classname="testCases.url1TestCases" name="staticDropDownCase8" time="5.414">
    <failure type="org.openqa.selenium.ElementClickInterceptedException" message="element click intercepted: Element &amp;lt;span class=&amp;quot;pax-add pax-disabled&amp;quot; id=&amp;quot;hrefIncChd&amp;quot; disabled=&amp;quot;disabled&amp;quot;&amp;gt;...&amp;lt;/span&amp;gt; is not clickable at point (1301, 329). Other element would receive the click: &amp;lt;div class=&amp;quot;ad-row-right&amp;quot;&amp;gt;...&amp;lt;/div&amp;gt;
  (Session info: chrome=95.0.4638.54)
Build info: version: &amp;apos;4.0.0-rc-2&amp;apos;, revision: &amp;apos;8d1e4aa5ae&amp;apos;
System info: host: &amp;apos;DESKTOP-SIMJPDD&amp;apos;, ip: &amp;apos;192.168.1.185&amp;apos;, os.name: &amp;apos;Windows 10&amp;apos;, os.arch: &amp;apos;amd64&amp;apos;, os.version: &amp;apos;10.0&amp;apos;, java.version: &amp;apos;16.0.2&amp;apos;
Driver info: org.openqa.selenium.chrome.ChromeDriver
Command: [6fea9860c25a529779180d1c924e0208, clickElement {id=51745116-2198-47f6-93e3-9b3868e5a851}]
Capabilities {acceptInsecureCerts: false, browserName: chrome, browserVersion: 95.0.4638.54, chrome: {chromedriverVersion: 95.0.4638.10 (970bcf99e2bb6..., userDataDir: C:\Users\HP\AppData\Local\T...}, goog:chromeOptions: {debuggerAddress: localhost:54665}, javascriptEnabled: true, networkConnectionEnabled: false, pageLoadStrategy: normal, platform: WINDOWS, platformName: WINDOWS, proxy: Proxy(), se:cdp: ws://localhost:54665/devtoo..., se:cdpVersion: 95.0.4638.54, setWindowRect: true, strictFileInteractability: false, timeouts: {implicit: 0, pageLoad: 300000, script: 30000}, unhandledPromptBehavior: dismiss and notify, webauthn:extension:credBlob: true, webauthn:extension:largeBlob: true, webauthn:virtualAuthenticators: true}
Element: [[ChromeDriver: chrome on WINDOWS (6fea9860c25a529779180d1c924e0208)] -&amp;gt; xpath: //div[@class=&amp;apos;ad-row-right&amp;apos;] //span[@id=&amp;apos;hrefIncChd&amp;apos;]]
Session ID: 6fea9860c25a529779180d1c924e0208">
      <![CDATA[org.openqa.selenium.ElementClickInterceptedException: element click intercepted: Element <span class="pax-add pax-disabled" id="hrefIncChd" disabled="disabled">...</span> is not clickable at point (1301, 329). Other element would receive the click: <div class="ad-row-right">...</div>
  (Session info: chrome=95.0.4638.54)
Build info: version: '4.0.0-rc-2', revision: '8d1e4aa5ae'
System info: host: 'DESKTOP-SIMJPDD', ip: '192.168.1.185', os.name: 'Windows 10', os.arch: 'amd64', os.version: '10.0', java.version: '16.0.2'
Driver info: org.openqa.selenium.chrome.ChromeDriver
Command: [6fea9860c25a529779180d1c924e0208, clickElement {id=51745116-2198-47f6-93e3-9b3868e5a851}]
Capabilities {acceptInsecureCerts: false, browserName: chrome, browserVersion: 95.0.4638.54, chrome: {chromedriverVersion: 95.0.4638.10 (970bcf99e2bb6..., userDataDir: C:\Users\HP\AppData\Local\T...}, goog:chromeOptions: {debuggerAddress: localhost:54665}, javascriptEnabled: true, networkConnectionEnabled: false, pageLoadStrategy: normal, platform: WINDOWS, platformName: WINDOWS, proxy: Proxy(), se:cdp: ws://localhost:54665/devtoo..., se:cdpVersion: 95.0.4638.54, setWindowRect: true, strictFileInteractability: false, timeouts: {implicit: 0, pageLoad: 300000, script: 30000}, unhandledPromptBehavior: dismiss and notify, webauthn:extension:credBlob: true, webauthn:extension:largeBlob: true, webauthn:virtualAuthenticators: true}
Element: [[ChromeDriver: chrome on WINDOWS (6fea9860c25a529779180d1c924e0208)] -> xpath: //div[@class='ad-row-right'] //span[@id='hrefIncChd']]
Session ID: 6fea9860c25a529779180d1c924e0208
at org.openqa.selenium.remote.codec.w3c.W3CHttpResponseCodec.createException(W3CHttpResponseCodec.java:200)
at org.openqa.selenium.remote.codec.w3c.W3CHttpResponseCodec.decode(W3CHttpResponseCodec.java:133)
at org.openqa.selenium.remote.codec.w3c.W3CHttpResponseCodec.decode(W3CHttpResponseCodec.java:53)
at org.openqa.selenium.remote.HttpCommandExecutor.execute(HttpCommandExecutor.java:184)
at org.openqa.selenium.remote.service.DriverCommandExecutor.invokeExecute(DriverCommandExecutor.java:164)
at org.openqa.selenium.remote.service.DriverCommandExecutor.execute(DriverCommandExecutor.java:139)
at org.openqa.selenium.remote.RemoteWebDriver.execute(RemoteWebDriver.java:559)
at org.openqa.selenium.remote.RemoteWebElement.execute(RemoteWebElement.java:251)
at org.openqa.selenium.remote.RemoteWebElement.click(RemoteWebElement.java:77)
at testCases.url1TestCases.staticDropDownCase8(url1TestCases.java:239)
at java.base/java.util.ArrayList.forEach(ArrayList.java:1511)
at java.base/java.util.concurrent.FutureTask.run(FutureTask.java:264)
at java.base/java.util.concurrent.ThreadPoolExecutor.runWorker(ThreadPoolExecutor.java:1130)
at java.base/java.util.concurrent.ThreadPoolExecutor$Worker.run(ThreadPoolExecutor.java:630)
at java.base/java.lang.Thread.run(Thread.java:831)
... Removed 23 stack frames]]>
    </failure>
  </testcase> <!-- staticDropDownCase8 -->
</testsuite> <!-- Test -->
